0 verbose cli /Users/mdishrafislam/.nvm/versions/node/v24.14.0/bin/node /Users/mdishrafislam/.nvm/versions/node/v24.14.0/bin/npm
1 info using npm@11.9.0
2 info using node@v24.14.0
3 silly config load:file:/Users/mdishrafislam/.nvm/versions/node/v24.14.0/lib/node_modules/npm/npmrc
4 silly config load:file:/Users/mdishrafislam/Projects/fast-link/.npmrc
5 silly config load:file:/Users/mdishrafislam/.npmrc
6 silly config load:file:/Users/mdishrafislam/.nvm/versions/node/v24.14.0/etc/npmrc
7 verbose title npm install
8 verbose argv "install" "--cache" ".npm-cache"
9 verbose logfile logs-max:10 dir:/Users/mdishrafislam/Projects/fast-link/.npm-cache/_logs/2026-04-23T08_55_23_065Z-
10 verbose logfile /Users/mdishrafislam/Projects/fast-link/.npm-cache/_logs/2026-04-23T08_55_23_065Z-debug-0.log
11 silly logfile done cleaning log files
12 silly packumentCache heap:4496293888 maxSize:1124073472 maxEntrySize:562036736
13 http fetch GET https://registry.npmjs.org/npm attempt 1 failed with ENOTFOUND
14 silly idealTree buildDeps
15 silly reify moves {}
16 silly audit bulk request {
16 silly audit   '@asamuzakjp/css-color': [ '3.2.0' ],
16 silly audit   '@babel/helper-string-parser': [ '7.27.1' ],
16 silly audit   '@babel/helper-validator-identifier': [ '7.28.5' ],
16 silly audit   '@babel/parser': [ '7.29.2' ],
16 silly audit   '@babel/types': [ '7.29.0' ],
16 silly audit   '@bytecodealliance/preview2-shim': [ '0.17.6' ],
16 silly audit   '@csstools/color-helpers': [ '5.1.0' ],
16 silly audit   '@csstools/css-calc': [ '2.1.4' ],
16 silly audit   '@csstools/css-color-parser': [ '3.1.0' ],
16 silly audit   '@csstools/css-parser-algorithms': [ '3.0.5' ],
16 silly audit   '@csstools/css-tokenizer': [ '3.0.4' ],
16 silly audit   '@edge-runtime/format': [ '2.2.1' ],
16 silly audit   '@edge-runtime/node-utils': [ '2.3.0' ],
16 silly audit   '@edge-runtime/ponyfill': [ '2.4.2' ],
16 silly audit   '@edge-runtime/primitives': [ '4.1.0' ],
16 silly audit   '@edge-runtime/vm': [ '3.2.0' ],
16 silly audit   '@esbuild/aix-ppc64': [ '0.27.0' ],
16 silly audit   '@esbuild/android-arm': [ '0.27.0' ],
16 silly audit   '@esbuild/android-arm64': [ '0.27.0' ],
16 silly audit   '@esbuild/android-x64': [ '0.27.0' ],
16 silly audit   '@esbuild/darwin-arm64': [ '0.27.0' ],
16 silly audit   '@esbuild/darwin-x64': [ '0.27.0' ],
16 silly audit   '@esbuild/freebsd-arm64': [ '0.27.0' ],
16 silly audit   '@esbuild/freebsd-x64': [ '0.27.0' ],
16 silly audit   '@esbuild/linux-arm': [ '0.27.0' ],
16 silly audit   '@esbuild/linux-arm64': [ '0.27.0' ],
16 silly audit   '@esbuild/linux-ia32': [ '0.27.0' ],
16 silly audit   '@esbuild/linux-loong64': [ '0.27.0' ],
16 silly audit   '@esbuild/linux-mips64el': [ '0.27.0' ],
16 silly audit   '@esbuild/linux-ppc64': [ '0.27.0' ],
16 silly audit   '@esbuild/linux-riscv64': [ '0.27.0' ],
16 silly audit   '@esbuild/linux-s390x': [ '0.27.0' ],
16 silly audit   '@esbuild/linux-x64': [ '0.27.0' ],
16 silly audit   '@esbuild/netbsd-arm64': [ '0.27.0' ],
16 silly audit   '@esbuild/netbsd-x64': [ '0.27.0' ],
16 silly audit   '@esbuild/openbsd-arm64': [ '0.27.0' ],
16 silly audit   '@esbuild/openbsd-x64': [ '0.27.0' ],
16 silly audit   '@esbuild/openharmony-arm64': [ '0.27.0' ],
16 silly audit   '@esbuild/sunos-x64': [ '0.27.0' ],
16 silly audit   '@esbuild/win32-arm64': [ '0.27.0' ],
16 silly audit   '@esbuild/win32-ia32': [ '0.27.0' ],
16 silly audit   '@esbuild/win32-x64': [ '0.27.0' ],
16 silly audit   '@fastify/busboy': [ '2.1.1' ],
16 silly audit   '@isaacs/balanced-match': [ '4.0.1' ],
16 silly audit   '@isaacs/brace-expansion': [ '5.0.1' ],
16 silly audit   '@isaacs/fs-minipass': [ '4.0.1' ],
16 silly audit   '@jridgewell/sourcemap-codec': [ '1.5.5' ],
16 silly audit   '@mapbox/node-pre-gyp': [ '2.0.3' ],
16 silly audit   '@nodelib/fs.scandir': [ '2.1.5' ],
16 silly audit   '@nodelib/fs.stat': [ '2.0.5' ],
16 silly audit   '@nodelib/fs.walk': [ '1.2.8' ],
16 silly audit   '@renovatebot/pep440': [ '4.2.1' ],
16 silly audit   '@rolldown/pluginutils': [ '1.0.0-rc.13' ],
16 silly audit   '@rollup/pluginutils': [ '5.3.0' ],
16 silly audit   '@rollup/rollup-android-arm-eabi': [ '4.60.2' ],
16 silly audit   '@rollup/rollup-android-arm64': [ '4.60.2' ],
16 silly audit   '@rollup/rollup-darwin-arm64': [ '4.60.2' ],
16 silly audit   '@rollup/rollup-darwin-x64': [ '4.60.2' ],
16 silly audit   '@rollup/rollup-freebsd-arm64': [ '4.60.2' ],
16 silly audit   '@rollup/rollup-freebsd-x64': [ '4.60.2' ],
16 silly audit   '@rollup/rollup-linux-arm-gnueabihf': [ '4.60.2' ],
16 silly audit   '@rollup/rollup-linux-arm-musleabihf': [ '4.60.2' ],
16 silly audit   '@rollup/rollup-linux-arm64-gnu': [ '4.60.2' ],
16 silly audit   '@rollup/rollup-linux-arm64-musl': [ '4.60.2' ],
16 silly audit   '@rollup/rollup-linux-loong64-gnu': [ '4.60.2' ],
16 silly audit   '@rollup/rollup-linux-loong64-musl': [ '4.60.2' ],
16 silly audit   '@rollup/rollup-linux-ppc64-gnu': [ '4.60.2' ],
16 silly audit   '@rollup/rollup-linux-ppc64-musl': [ '4.60.2' ],
16 silly audit   '@rollup/rollup-linux-riscv64-gnu': [ '4.60.2' ],
16 silly audit   '@rollup/rollup-linux-riscv64-musl': [ '4.60.2' ],
16 silly audit   '@rollup/rollup-linux-s390x-gnu': [ '4.60.2' ],
16 silly audit   '@rollup/rollup-linux-x64-gnu': [ '4.60.2' ],
16 silly audit   '@rollup/rollup-linux-x64-musl': [ '4.60.2' ],
16 silly audit   '@rollup/rollup-openbsd-x64': [ '4.60.2' ],
16 silly audit   '@rollup/rollup-openharmony-arm64': [ '4.60.2' ],
16 silly audit   '@rollup/rollup-win32-arm64-msvc': [ '4.60.2' ],
16 silly audit   '@rollup/rollup-win32-ia32-msvc': [ '4.60.2' ],
16 silly audit   '@rollup/rollup-win32-x64-gnu': [ '4.60.2' ],
16 silly audit   '@rollup/rollup-win32-x64-msvc': [ '4.60.2' ],
16 silly audit   '@ts-morph/common': [ '0.11.1' ],
16 silly audit   minimatch: [ '3.1.5', '10.2.5', '10.1.1' ],
16 silly audit   '@types/chai': [ '5.2.3' ],
16 silly audit   '@types/deep-eql': [ '4.0.2' ],
16 silly audit   '@types/estree': [ '1.0.8' ],
16 silly audit   '@types/json-schema': [ '7.0.15' ],
16 silly audit   '@types/node': [ '24.12.2', '20.11.0' ],
16 silly audit   '@vercel/build-utils': [ '13.20.0' ],
16 silly audit   'es-module-lexer': [ '1.5.0', '1.4.1', '1.7.0' ],
16 silly audit   '@vercel/error-utils': [ '2.0.3' ],
16 silly audit   '@vercel/nft': [ '1.5.0' ],
16 silly audit   '@vercel/node': [ '5.7.13' ],
16 silly audit   'undici-types': [ '5.26.5', '7.16.0' ],
16 silly audit   '@vercel/python-analysis': [ '0.11.0' ],
16 silly audit   '@vercel/static-config': [ '3.2.0' ],
16 silly audit   '@vitejs/plugin-vue': [ '6.0.6' ],
16 silly audit   '@vitest/expect': [ '3.2.4' ],
16 silly audit   '@vitest/mocker': [ '3.2.4' ],
16 silly audit   'estree-walker': [ '3.0.3', '2.0.2' ],
16 silly audit   '@vitest/pretty-format': [ '3.2.4' ],
16 silly audit   '@vitest/runner': [ '3.2.4' ],
16 silly audit   '@vitest/snapshot': [ '3.2.4' ],
16 silly audit   '@vitest/spy': [ '3.2.4' ],
16 silly audit   '@vitest/utils': [ '3.2.4' ],
16 silly audit   '@volar/language-core': [ '2.4.28' ],
16 silly audit   '@volar/source-map': [ '2.4.28' ],
16 silly audit   '@volar/typescript': [ '2.4.28' ],
16 silly audit   '@vue/compiler-core': [ '3.5.33' ],
16 silly audit   entities: [ '7.0.1', '6.0.1' ],
16 silly audit   '@vue/compiler-dom': [ '3.5.33' ],
16 silly audit   '@vue/compiler-sfc': [ '3.5.33' ],
16 silly audit   '@vue/compiler-ssr': [ '3.5.33' ],
16 silly audit   '@vue/devtools-api': [ '7.7.9', '6.6.4' ],
16 silly audit   '@vue/devtools-kit': [ '7.7.9' ],
16 silly audit   '@vue/devtools-shared': [ '7.7.9' ],
16 silly audit   '@vue/language-core': [ '3.2.7' ],
16 silly audit   '@vue/reactivity': [ '3.5.33' ],
16 silly audit   '@vue/runtime-core': [ '3.5.33' ],
16 silly audit   '@vue/runtime-dom': [ '3.5.33' ],
16 silly audit   '@vue/server-renderer': [ '3.5.33' ],
16 silly audit   '@vue/shared': [ '3.5.33' ],
16 silly audit   abbrev: [ '3.0.1' ],
16 silly audit   acorn: [ '8.16.0' ],
16 silly audit   'acorn-import-attributes': [ '1.9.5' ],
16 silly audit   'agent-base': [ '7.1.4' ],
16 silly audit   ajv: [ '8.6.3' ],
16 silly audit   'alien-signals': [ '3.1.2' ],
16 silly audit   argparse: [ '2.0.1' ],
16 silly audit   'assertion-error': [ '2.0.1' ],
16 silly audit   'async-listen': [ '3.0.0', '3.0.1' ],
16 silly audit   'async-sema': [ '3.1.1' ],
16 silly audit   'balanced-match': [ '1.0.2', '4.0.4' ],
16 silly audit   bindings: [ '1.5.0' ],
16 silly audit   birpc: [ '2.9.0' ],
16 silly audit   'brace-expansion': [ '1.1.14', '5.0.5' ],
16 silly audit   braces: [ '3.0.3' ],
16 silly audit   cac: [ '6.7.14' ],
16 silly audit   chai: [ '5.3.3' ],
16 silly audit   'check-error': [ '2.1.3' ],
16 silly audit   chownr: [ '3.0.0' ],
16 silly audit   'cjs-module-lexer': [ '1.2.3' ],
16 silly audit   'code-block-writer': [ '10.1.1' ],
16 silly audit   'concat-map': [ '0.0.1' ],
16 silly audit   consola: [ '3.4.2' ],
16 silly audit   'convert-hrtime': [ '3.0.0' ],
16 silly audit   'copy-anything': [ '4.0.5' ],
16 silly audit   cssstyle: [ '4.6.0' ],
16 silly audit   csstype: [ '3.2.3' ],
16 silly audit   'data-urls': [ '5.0.0' ],
16 silly audit   debug: [ '4.4.3' ],
16 silly audit   'decimal.js': [ '10.6.0' ],
16 silly audit   'deep-eql': [ '5.0.2' ],
16 silly audit   'detect-libc': [ '2.1.2' ],
16 silly audit   'edge-runtime': [ '2.5.9' ],
16 silly audit   esbuild: [ '0.27.0' ],
16 silly audit   etag: [ '1.8.1' ],
16 silly audit   'expect-type': [ '1.3.0' ],
16 silly audit   'fast-deep-equal': [ '3.1.3' ],
16 silly audit   'fast-glob': [ '3.3.3' ],
16 silly audit   fastq: [ '1.20.1' ],
16 silly audit   fdir: [ '6.5.0' ],
16 silly audit   'file-uri-to-path': [ '1.0.0' ],
16 silly audit   'fill-range': [ '7.1.1' ],
16 silly audit   'fs-extra': [ '11.1.1' ],
16 silly audit   fsevents: [ '2.3.3' ],
16 silly audit   'get-tsconfig': [ '4.14.0' ],
16 silly audit   glob: [ '13.0.6' ],
16 silly audit   'glob-parent': [ '5.1.2' ],
16 silly audit   'graceful-fs': [ '4.2.11' ],
16 silly audit   hookable: [ '5.5.3' ],
16 silly audit   'html-encoding-sniffer': [ '4.0.0' ],
16 silly audit   'http-proxy-agent': [ '7.0.2' ],
16 silly audit   'https-proxy-agent': [ '7.0.6' ],
16 silly audit   'iconv-lite': [ '0.6.3' ],
16 silly audit   'is-extglob': [ '2.1.1' ],
16 silly audit   'is-glob': [ '4.0.3' ],
16 silly audit   'is-number': [ '7.0.0' ],
16 silly audit   'is-potential-custom-element-name': [ '1.0.1' ],
16 silly audit   'is-what': [ '5.5.0' ],
16 silly audit   'js-tokens': [ '9.0.1' ],
16 silly audit   'js-yaml': [ '4.1.1' ],
16 silly audit   jsdom: [ '26.1.0' ],
16 silly audit   'json-schema-to-ts': [ '1.6.4' ],
16 silly audit   'json-schema-traverse': [ '1.0.0' ],
16 silly audit   jsonfile: [ '6.2.1' ],
16 silly audit   loupe: [ '3.2.1' ],
16 silly audit   'lru-cache': [ '10.4.3', '11.3.5' ],
16 silly audit   'magic-string': [ '0.30.21' ],
16 silly audit   merge2: [ '1.4.1' ],
16 silly audit   micromatch: [ '4.0.8' ],
16 silly audit   picomatch: [ '2.3.2', '4.0.4' ],
16 silly audit   'mime-db': [ '1.52.0' ],
16 silly audit   'mime-types': [ '2.1.35' ],
16 silly audit   minipass: [ '7.1.3' ],
16 silly audit   minizlib: [ '3.1.0' ],
16 silly audit   mitt: [ '3.0.1' ],
16 silly audit   mkdirp: [ '1.0.4' ],
16 silly audit   mri: [ '1.2.0' ],
16 silly audit   ms: [ '2.1.3' ],
16 silly audit   'muggle-string': [ '0.4.1' ],
16 silly audit   nanoid: [ '3.3.11' ],
16 silly audit   'node-fetch': [ '2.6.9' ],
16 silly audit   tr46: [ '0.0.3', '5.1.1' ],
16 silly audit   'webidl-conversions': [ '3.0.1', '7.0.0' ],
16 silly audit   'whatwg-url': [ '5.0.0', '14.2.0' ],
16 silly audit   'node-gyp-build': [ '4.8.4' ],
16 silly audit   nopt: [ '8.1.0' ],
16 silly audit   nwsapi: [ '2.2.23' ],
16 silly audit   'parse-ms': [ '2.1.0' ],
16 silly audit   parse5: [ '7.3.0' ],
16 silly audit   'path-browserify': [ '1.0.1' ],
16 silly audit   'path-scurry': [ '2.0.2' ],
16 silly audit   'path-to-regexp': [ '6.1.0', '6.3.0' ],
16 silly audit   pathe: [ '2.0.3' ],
16 silly audit   pathval: [ '2.0.1' ],
16 silly audit   'perfect-debounce': [ '1.0.0' ],
16 silly audit   picocolors: [ '1.0.0', '1.1.1' ],
16 silly audit   pinia: [ '3.0.4' ],
16 silly audit   postcss: [ '8.5.10' ],
16 silly audit   'pretty-ms': [ '7.0.1' ],
16 silly audit   punycode: [ '2.3.1' ],
16 silly audit   'queue-microtask': [ '1.2.3' ],
16 silly audit   'require-from-string': [ '2.0.2' ],
16 silly audit   'resolve-from': [ '5.0.0' ],
16 silly audit   'resolve-pkg-maps': [ '1.0.0' ],
16 silly audit   reusify: [ '1.1.0' ],
16 silly audit   rfdc: [ '1.4.1' ],
16 silly audit   rollup: [ '4.60.2' ],
16 silly audit   'rrweb-cssom': [ '0.8.0' ],
16 silly audit   'run-parallel': [ '1.2.0' ],
16 silly audit   'safer-buffer': [ '2.1.2' ],
16 silly audit   saxes: [ '6.0.0' ],
16 silly audit   semver: [ '7.7.4' ],
16 silly audit   siginfo: [ '2.0.0' ],
16 silly audit   'signal-exit': [ '4.0.2' ],
16 silly audit   'smol-toml': [ '1.5.2' ],
16 silly audit   'source-map-js': [ '1.2.1' ],
16 silly audit   speakingurl: [ '14.0.1' ],
16 silly audit   stackback: [ '0.0.2' ],
16 silly audit   'std-env': [ '3.10.0' ],
16 silly audit   'strip-literal': [ '3.1.0' ],
16 silly audit   superjson: [ '2.2.6' ],
16 silly audit   'symbol-tree': [ '3.2.4' ],
16 silly audit   tar: [ '7.5.13' ],
16 silly audit   'time-span': [ '4.0.0' ],
16 silly audit   tinybench: [ '2.9.0' ],
16 silly audit   tinyexec: [ '0.3.2' ],
16 silly audit   tinyglobby: [ '0.2.16' ],
16 silly audit   tinypool: [ '1.1.1' ],
16 silly audit   tinyrainbow: [ '2.0.0' ],
16 silly audit   tinyspy: [ '4.0.4' ],
16 silly audit   tldts: [ '6.1.86' ],
16 silly audit   'tldts-core': [ '6.1.86' ],
16 silly audit   'to-regex-range': [ '5.0.1' ],
16 silly audit   'tough-cookie': [ '5.1.2' ],
16 silly audit   'ts-morph': [ '12.0.0' ],
16 silly audit   'ts-toolbelt': [ '6.15.5' ],
16 silly audit   tsx: [ '4.21.0' ],
16 silly audit   typescript: [ '5.9.3' ],
16 silly audit   undici: [ '5.28.4' ],
16 silly audit   universalify: [ '2.0.1' ],
16 silly audit   'uri-js': [ '4.4.1' ],
16 silly audit   vite: [ '7.3.2' ],
16 silly audit   'vite-node': [ '3.2.4' ],
16 silly audit   vitest: [ '3.2.4' ],
16 silly audit   'vscode-uri': [ '3.1.0' ],
16 silly audit   vue: [ '3.5.33' ],
16 silly audit   'vue-router': [ '4.6.4' ],
16 silly audit   'vue-tsc': [ '3.2.7' ],
16 silly audit   'w3c-xmlserializer': [ '5.0.0' ],
16 silly audit   'whatwg-encoding': [ '3.1.1' ],
16 silly audit   'whatwg-mimetype': [ '4.0.0' ],
16 silly audit   'why-is-node-running': [ '2.3.0' ],
16 silly audit   ws: [ '8.20.0' ],
16 silly audit   'xml-name-validator': [ '5.0.0' ],
16 silly audit   xmlchars: [ '2.2.0' ],
16 silly audit   yallist: [ '5.0.0' ],
16 silly audit   zod: [ '3.22.4' ]
16 silly audit }
17 verbose audit error FetchError: request to https://registry.npmjs.org/-/npm/v1/security/advisories/bulk failed, reason: getaddrinfo ENOTFOUND registry.npmjs.org
17 verbose audit error     at ClientRequest.<anonymous> (/Users/mdishrafislam/.nvm/versions/node/v24.14.0/lib/node_modules/npm/node_modules/minipass-fetch/lib/index.js:130:14)
17 verbose audit error     at ClientRequest.emit (node:events:508:28)
17 verbose audit error     at emitErrorEvent (node:_http_client:108:11)
17 verbose audit error     at _destroy (node:_http_client:963:9)
17 verbose audit error     at onSocketNT (node:_http_client:983:5)
17 verbose audit error     at process.processTicksAndRejections (node:internal/process/task_queues:91:21) {
17 verbose audit error   code: 'ENOTFOUND',
17 verbose audit error   errno: 'ENOTFOUND',
17 verbose audit error   syscall: 'getaddrinfo',
17 verbose audit error   hostname: 'registry.npmjs.org',
17 verbose audit error   type: 'system'
17 verbose audit error }
18 silly audit error undefined
19 silly audit report null
20 http cache fsevents@https://registry.npmjs.org/fsevents/-/fsevents-2.3.3.tgz 0ms (cache hit)
21 silly tarball no local data for fsevents@https://registry.npmjs.org/fsevents/-/fsevents-2.3.3.tgz. Extracting by manifest.
22 http fetch GET https://registry.npmjs.org/fsevents/-/fsevents-2.3.3.tgz attempt 1 failed with ENOTFOUND
23 http fetch GET https://registry.npmjs.org/npm attempt 2 failed with ENOTFOUND
24 http fetch GET https://registry.npmjs.org/fsevents/-/fsevents-2.3.3.tgz attempt 2 failed with ENOTFOUND
25 http fetch GET https://registry.npmjs.org/npm attempt 3 failed with ENOTFOUND
26 http fetch GET https://registry.npmjs.org/fsevents/-/fsevents-2.3.3.tgz attempt 3 failed with ENOTFOUND
27 verbose reify failed optional dependency /Users/mdishrafislam/Projects/fast-link/node_modules/fsevents
28 silly reify mark deleted [ '/Users/mdishrafislam/Projects/fast-link/node_modules/fsevents' ]
29 silly ADD
30 verbose cwd /Users/mdishrafislam/Projects/fast-link
31 verbose os Darwin 25.4.0
32 verbose node v24.14.0
33 verbose npm  v11.9.0
34 verbose exit 0
35 info ok
